G:\C+\SDL2VS12\SDL2GAMEVS12\SDL2GAMEVS12\DEBUG\SDL2GAMEVS12.PCH
G:\C+\SDL2VS12\SDL2GAMEVS12\SDL2GAMEVS12\DEBUG\STDAFX.OBJ
G:\C+\SDL2VS12\SDL2GAMEVS12\SDL2GAMEVS12\DEBUG\VC110.PDB
G:\C+\SDL2VS12\SDL2GAMEVS12\SDL2GAMEVS12\DEBUG\BASEOBJECT.OBJ
G:\C+\SDL2VS12\SDL2GAMEVS12\SDL2GAMEVS12\DEBUG\BULLETOBJECT.OBJ
G:\C+\SDL2VS12\SDL2GAMEVS12\SDL2GAMEVS12\DEBUG\COMMONFUNC.OBJ
G:\C+\SDL2VS12\SDL2GAMEVS12\SDL2GAMEVS12\DEBUG\EXPLOSIONFRAMES.OBJ
G:\C+\SDL2VS12\SDL2GAMEVS12\SDL2GAMEVS12\DEBUG\GAME_MAP.OBJ
G:\C+\SDL2VS12\SDL2GAMEVS12\SDL2GAMEVS12\DEBUG\IMPLEMENTTIMER.OBJ
G:\C+\SDL2VS12\SDL2GAMEVS12\SDL2GAMEVS12\DEBUG\MAIN.OBJ
G:\C+\SDL2VS12\SDL2GAMEVS12\SDL2GAMEVS12\DEBUG\MAINOBJ.OBJ
G:\C+\SDL2VS12\SDL2GAMEVS12\SDL2GAMEVS12\DEBUG\THREATOBJ.OBJ
G:\C+\SDL2VS12\SDL2GAMEVS12\SDL2GAMEVS12\DEBUG\UTILITIES.OBJ
G:\C+\SDL2VS12\SDL2GAMEVS12\DEBUG\SDL2GAMEVS12.ILK
G:\C+\SDL2VS12\SDL2GAMEVS12\DEBUG\SDL2GAMEVS12.EXE
G:\C+\SDL2VS12\SDL2GAMEVS12\DEBUG\SDL2GAMEVS12.PDB
G:\C+\sdl2vs12\sdl2gamevs12\sdl2gamevs12\Debug\BaseObject.obj
G:\C+\sdl2vs12\sdl2gamevs12\sdl2gamevs12\Debug\BulletObject.obj
G:\C+\sdl2vs12\sdl2gamevs12\sdl2gamevs12\Debug\CommonFunc.obj
G:\C+\sdl2vs12\sdl2gamevs12\sdl2gamevs12\Debug\ExplosionFrames.obj
G:\C+\sdl2vs12\sdl2gamevs12\sdl2gamevs12\Debug\game_map.obj
G:\C+\sdl2vs12\sdl2gamevs12\sdl2gamevs12\Debug\ImplementTimer.obj
G:\C+\sdl2vs12\sdl2gamevs12\sdl2gamevs12\Debug\main.obj
G:\C+\sdl2vs12\sdl2gamevs12\sdl2gamevs12\Debug\MainObj.obj
G:\C+\sdl2vs12\sdl2gamevs12\sdl2gamevs12\Debug\stdafx.obj
G:\C+\sdl2vs12\sdl2gamevs12\sdl2gamevs12\Debug\ThreatObj.obj
G:\C+\sdl2vs12\sdl2gamevs12\sdl2gamevs12\Debug\Utilities.obj
G:\C+\sdl2vs12\sdl2gamevs12\sdl2gamevs12\Debug\cl.command.1.tlog
G:\C+\sdl2vs12\sdl2gamevs12\sdl2gamevs12\Debug\CL.read.1.tlog
G:\C+\sdl2vs12\sdl2gamevs12\sdl2gamevs12\Debug\CL.write.1.tlog
G:\C+\sdl2vs12\sdl2gamevs12\sdl2gamevs12\Debug\link-cvtres.read.1.tlog
G:\C+\sdl2vs12\sdl2gamevs12\sdl2gamevs12\Debug\link-cvtres.write.1.tlog
G:\C+\sdl2vs12\sdl2gamevs12\sdl2gamevs12\Debug\link-rc.read.1.tlog
G:\C+\sdl2vs12\sdl2gamevs12\sdl2gamevs12\Debug\link-rc.write.1.tlog
G:\C+\sdl2vs12\sdl2gamevs12\sdl2gamevs12\Debug\link.12688-cvtres.read.1.tlog
G:\C+\sdl2vs12\sdl2gamevs12\sdl2gamevs12\Debug\link.12688-cvtres.write.1.tlog
G:\C+\sdl2vs12\sdl2gamevs12\sdl2gamevs12\Debug\link.12688-rc.read.1.tlog
G:\C+\sdl2vs12\sdl2gamevs12\sdl2gamevs12\Debug\link.12688-rc.write.1.tlog
G:\C+\sdl2vs12\sdl2gamevs12\sdl2gamevs12\Debug\link.12688.read.1.tlog
G:\C+\sdl2vs12\sdl2gamevs12\sdl2gamevs12\Debug\link.12688.write.1.tlog
G:\C+\sdl2vs12\sdl2gamevs12\sdl2gamevs12\Debug\link.13916-cvtres.read.1.tlog
G:\C+\sdl2vs12\sdl2gamevs12\sdl2gamevs12\Debug\link.13916-cvtres.write.1.tlog
G:\C+\sdl2vs12\sdl2gamevs12\sdl2gamevs12\Debug\link.13916-rc.read.1.tlog
G:\C+\sdl2vs12\sdl2gamevs12\sdl2gamevs12\Debug\link.13916-rc.write.1.tlog
G:\C+\sdl2vs12\sdl2gamevs12\sdl2gamevs12\Debug\link.13916.read.1.tlog
G:\C+\sdl2vs12\sdl2gamevs12\sdl2gamevs12\Debug\link.13916.write.1.tlog
G:\C+\sdl2vs12\sdl2gamevs12\sdl2gamevs12\Debug\link.15484-cvtres.read.1.tlog
G:\C+\sdl2vs12\sdl2gamevs12\sdl2gamevs12\Debug\link.15484-cvtres.write.1.tlog
G:\C+\sdl2vs12\sdl2gamevs12\sdl2gamevs12\Debug\link.15484-rc.read.1.tlog
G:\C+\sdl2vs12\sdl2gamevs12\sdl2gamevs12\Debug\link.15484-rc.write.1.tlog
G:\C+\sdl2vs12\sdl2gamevs12\sdl2gamevs12\Debug\link.15484.read.1.tlog
G:\C+\sdl2vs12\sdl2gamevs12\sdl2gamevs12\Debug\link.15484.write.1.tlog
G:\C+\sdl2vs12\sdl2gamevs12\sdl2gamevs12\Debug\link.17716-cvtres.read.1.tlog
G:\C+\sdl2vs12\sdl2gamevs12\sdl2gamevs12\Debug\link.17716-cvtres.write.1.tlog
G:\C+\sdl2vs12\sdl2gamevs12\sdl2gamevs12\Debug\link.17716-rc.read.1.tlog
G:\C+\sdl2vs12\sdl2gamevs12\sdl2gamevs12\Debug\link.17716-rc.write.1.tlog
G:\C+\sdl2vs12\sdl2gamevs12\sdl2gamevs12\Debug\link.17716.read.1.tlog
G:\C+\sdl2vs12\sdl2gamevs12\sdl2gamevs12\Debug\link.17716.write.1.tlog
G:\C+\sdl2vs12\sdl2gamevs12\sdl2gamevs12\Debug\link.19360-cvtres.read.1.tlog
G:\C+\sdl2vs12\sdl2gamevs12\sdl2gamevs12\Debug\link.19360-cvtres.write.1.tlog
G:\C+\sdl2vs12\sdl2gamevs12\sdl2gamevs12\Debug\link.19360-rc.read.1.tlog
G:\C+\sdl2vs12\sdl2gamevs12\sdl2gamevs12\Debug\link.19360-rc.write.1.tlog
G:\C+\sdl2vs12\sdl2gamevs12\sdl2gamevs12\Debug\link.19360.read.1.tlog
G:\C+\sdl2vs12\sdl2gamevs12\sdl2gamevs12\Debug\link.19360.write.1.tlog
G:\C+\sdl2vs12\sdl2gamevs12\sdl2gamevs12\Debug\link.19880-cvtres.read.1.tlog
G:\C+\sdl2vs12\sdl2gamevs12\sdl2gamevs12\Debug\link.19880-cvtres.write.1.tlog
G:\C+\sdl2vs12\sdl2gamevs12\sdl2gamevs12\Debug\link.19880-rc.read.1.tlog
G:\C+\sdl2vs12\sdl2gamevs12\sdl2gamevs12\Debug\link.19880-rc.write.1.tlog
G:\C+\sdl2vs12\sdl2gamevs12\sdl2gamevs12\Debug\link.19880.read.1.tlog
G:\C+\sdl2vs12\sdl2gamevs12\sdl2gamevs12\Debug\link.19880.write.1.tlog
G:\C+\sdl2vs12\sdl2gamevs12\sdl2gamevs12\Debug\link.20364-cvtres.read.1.tlog
G:\C+\sdl2vs12\sdl2gamevs12\sdl2gamevs12\Debug\link.20364-cvtres.write.1.tlog
G:\C+\sdl2vs12\sdl2gamevs12\sdl2gamevs12\Debug\link.20364-rc.read.1.tlog
G:\C+\sdl2vs12\sdl2gamevs12\sdl2gamevs12\Debug\link.20364-rc.write.1.tlog
G:\C+\sdl2vs12\sdl2gamevs12\sdl2gamevs12\Debug\link.20364.read.1.tlog
G:\C+\sdl2vs12\sdl2gamevs12\sdl2gamevs12\Debug\link.20364.write.1.tlog
G:\C+\sdl2vs12\sdl2gamevs12\sdl2gamevs12\Debug\link.20520-cvtres.read.1.tlog
G:\C+\sdl2vs12\sdl2gamevs12\sdl2gamevs12\Debug\link.20520-cvtres.write.1.tlog
G:\C+\sdl2vs12\sdl2gamevs12\sdl2gamevs12\Debug\link.20520-rc.read.1.tlog
G:\C+\sdl2vs12\sdl2gamevs12\sdl2gamevs12\Debug\link.20520-rc.write.1.tlog
G:\C+\sdl2vs12\sdl2gamevs12\sdl2gamevs12\Debug\link.20520.read.1.tlog
G:\C+\sdl2vs12\sdl2gamevs12\sdl2gamevs12\Debug\link.20520.write.1.tlog
G:\C+\sdl2vs12\sdl2gamevs12\sdl2gamevs12\Debug\link.2232-cvtres.read.1.tlog
G:\C+\sdl2vs12\sdl2gamevs12\sdl2gamevs12\Debug\link.2232-cvtres.write.1.tlog
G:\C+\sdl2vs12\sdl2gamevs12\sdl2gamevs12\Debug\link.2232-rc.read.1.tlog
G:\C+\sdl2vs12\sdl2gamevs12\sdl2gamevs12\Debug\link.2232-rc.write.1.tlog
G:\C+\sdl2vs12\sdl2gamevs12\sdl2gamevs12\Debug\link.2232.read.1.tlog
G:\C+\sdl2vs12\sdl2gamevs12\sdl2gamevs12\Debug\link.2232.write.1.tlog
G:\C+\sdl2vs12\sdl2gamevs12\sdl2gamevs12\Debug\link.7112-cvtres.read.1.tlog
G:\C+\sdl2vs12\sdl2gamevs12\sdl2gamevs12\Debug\link.7112-cvtres.write.1.tlog
G:\C+\sdl2vs12\sdl2gamevs12\sdl2gamevs12\Debug\link.7112-rc.read.1.tlog
G:\C+\sdl2vs12\sdl2gamevs12\sdl2gamevs12\Debug\link.7112-rc.write.1.tlog
G:\C+\sdl2vs12\sdl2gamevs12\sdl2gamevs12\Debug\link.7112.read.1.tlog
G:\C+\sdl2vs12\sdl2gamevs12\sdl2gamevs12\Debug\link.7112.write.1.tlog
G:\C+\sdl2vs12\sdl2gamevs12\sdl2gamevs12\Debug\link.command.1.tlog
G:\C+\sdl2vs12\sdl2gamevs12\sdl2gamevs12\Debug\link.read.1.tlog
G:\C+\sdl2vs12\sdl2gamevs12\sdl2gamevs12\Debug\link.write.1.tlog
G:\C+\sdl2vs12\sdl2gamevs12\sdl2gamevs12\Debug\sdl2gamevs12.pch
G:\C+\sdl2vs12\sdl2gamevs12\sdl2gamevs12\Debug\vc110.idb
G:\C+\sdl2vs12\sdl2gamevs12\sdl2gamevs12\Debug\vc110.pdb
G:\C+\sdl2vs12\sdl2gamevs12\Debug\sdl2gamevs12.pdb
G:\C+\sdl2vs12\sdl2gamevs12\Debug\sdl2gamevs12.exe
G:\C+\sdl2vs12\sdl2gamevs12\Debug\sdl2gamevs12.ilk
